{"hypothesisId": "H1", "message": "bo3_feed_check", "data": {"auto_active": null, "feed_exists": false, "feed_age_sec": null, "fresh": false, "feed_path": "C:\\Users\\court\\OneDrive\\Desktop\\parlay\\esports-fair-odds\\logs\\bo3_live_feed.json"}, "timestamp": 1771653951.6365936}
{"hypothesisId": "H1", "message": "bo3_feed_check", "data": {"auto_active": null, "feed_exists": false, "feed_age_sec": null, "fresh": false, "feed_path": "C:\\Users\\court\\OneDrive\\Desktop\\parlay\\esports-fair-odds\\logs\\bo3_live_feed.json"}, "timestamp": 1771653969.5050235}
{"hypothesisId": "H1", "message": "bo3_feed_check", "data": {"auto_active": null, "feed_exists": false, "feed_age_sec": null, "fresh": false, "feed_path": "C:\\Users\\court\\OneDrive\\Desktop\\parlay\\esports-fair-odds\\logs\\bo3_live_feed.json"}, "timestamp": 1771653970.2141137}
{"hypothesisId": "H1", "message": "bo3_feed_check", "data": {"auto_active": null, "feed_exists": false, "feed_age_sec": null, "fresh": false, "feed_path": "C:\\Users\\court\\OneDrive\\Desktop\\parlay\\esports-fair-odds\\logs\\bo3_live_feed.json"}, "timestamp": 1771653977.2359073}
{"hypothesisId": "H1", "message": "bo3_feed_check", "data": {"auto_active": true, "feed_exists": false, "feed_age_sec": null, "fresh": false, "feed_path": "C:\\Users\\court\\OneDrive\\Desktop\\parlay\\esports-fair-odds\\logs\\bo3_live_feed.json"}, "timestamp": 1771653977.365766}
{"hypothesisId": "H1", "message": "bo3_feed_check", "data": {"auto_active": true, "feed_exists": false, "feed_age_sec": null, "fresh": false, "feed_path": "C:\\Users\\court\\OneDrive\\Desktop\\parlay\\esports-fair-odds\\logs\\bo3_live_feed.json"}, "timestamp": 1771654037.1352518}
{"hypothesisId": "H1", "message": "bo3_feed_check", "data": {"auto_active": true, "feed_exists": false, "feed_age_sec": null, "fresh": false, "feed_path": "C:\\Users\\court\\OneDrive\\Desktop\\parlay\\esports-fair-odds\\logs\\bo3_live_feed.json"}, "timestamp": 1771654055.2705004}
{"hypothesisId": "H1", "message": "bo3_feed_check", "data": {"auto_active": false, "feed_exists": false, "feed_age_sec": null, "fresh": false, "feed_path": "C:\\Users\\court\\OneDrive\\Desktop\\parlay\\esports-fair-odds\\logs\\bo3_live_feed.json"}, "timestamp": 1771654055.4057727}
{"hypothesisId": "H1", "message": "bo3_feed_check", "data": {"auto_active": false, "feed_exists": false, "feed_age_sec": null, "fresh": false, "feed_path": "C:\\Users\\court\\OneDrive\\Desktop\\parlay\\esports-fair-odds\\logs\\bo3_live_feed.json"}, "timestamp": 1771654058.669547}
{"hypothesisId": "H1", "message": "bo3_feed_check", "data": {"auto_active": true, "feed_exists": false, "feed_age_sec": null, "fresh": false, "feed_path": "C:\\Users\\court\\OneDrive\\Desktop\\parlay\\esports-fair-odds\\logs\\bo3_live_feed.json"}, "timestamp": 1771654058.8073962}
{"hypothesisId": "H1", "message": "bo3_feed_check", "data": {"auto_active": true, "feed_exists": false, "feed_age_sec": null, "fresh": false, "feed_path": "C:\\Users\\court\\OneDrive\\Desktop\\parlay\\esports-fair-odds\\logs\\bo3_live_feed.json"}, "timestamp": 1771654108.4926467}
{"hypothesisId": "H1", "message": "bo3_feed_check", "data": {"auto_active": false, "feed_exists": false, "feed_age_sec": null, "fresh": false, "feed_path": "C:\\Users\\court\\OneDrive\\Desktop\\parlay\\esports-fair-odds\\logs\\bo3_live_feed.json"}, "timestamp": 1771654108.624053}
{"hypothesisId": "H1", "message": "bo3_feed_check", "data": {"auto_active": null, "feed_exists": false, "feed_age_sec": null, "fresh": false, "feed_path": "C:\\Users\\court\\OneDrive\\Desktop\\parlay\\esports-fair-odds\\logs\\bo3_live_feed.json"}, "timestamp": 1771654248.414161}
{"hypothesisId": "H1", "message": "bo3_feed_check", "data": {"auto_active": null, "feed_exists": false, "feed_age_sec": null, "fresh": false, "feed_path": "C:\\Users\\court\\OneDrive\\Desktop\\parlay\\esports-fair-odds\\logs\\bo3_live_feed.json"}, "timestamp": 1771654255.164134}
{"hypothesisId": "H1", "message": "bo3_feed_check", "data": {"auto_active": null, "feed_exists": false, "feed_age_sec": null, "fresh": false, "feed_path": "C:\\Users\\court\\OneDrive\\Desktop\\parlay\\esports-fair-odds\\logs\\bo3_live_feed.json"}, "timestamp": 1771654255.8480237}
{"hypothesisId": "H1", "message": "bo3_feed_check", "data": {"auto_active": null, "feed_exists": false, "feed_age_sec": null, "fresh": false, "feed_path": "C:\\Users\\court\\OneDrive\\Desktop\\parlay\\esports-fair-odds\\logs\\bo3_live_feed.json"}, "timestamp": 1771654258.1292968}
{"hypothesisId": "H1", "message": "bo3_feed_check", "data": {"auto_active": true, "feed_exists": true, "feed_age_sec": 0.1, "fresh": true, "feed_path": "C:\\Users\\court\\OneDrive\\Desktop\\parlay\\esports-fair-odds\\logs\\bo3_live_feed.json"}, "timestamp": 1771654258.276339}
{"hypothesisId": "H2", "message": "bo3_feed_read", "data": {"payload_keys": ["team_a", "team_b", "rounds_a", "rounds_b", "maps_a_won", "maps_b_won", "map_name", "a_side", "series_fmt"], "payload_empty": false, "feed_error": null}, "timestamp": 1771654258.291016}
{"hypothesisId": "H3", "message": "bo3_feed_overwrite", "data": {"team_a": "Sangal", "rounds_a": 0}, "timestamp": 1771654258.2920182}
{"hypothesisId": "H1", "message": "bo3_feed_check", "data": {"auto_active": null, "feed_exists": true, "feed_age_sec": 300.6, "fresh": false, "feed_path": "C:\\Users\\court\\OneDrive\\Desktop\\parlay\\esports-fair-odds\\logs\\bo3_live_feed.json"}, "timestamp": 1771654558.7201521}
{"hypothesisId": "H1", "message": "bo3_feed_check", "data": {"auto_active": null, "feed_exists": true, "feed_age_sec": 308.0, "fresh": false, "feed_path": "C:\\Users\\court\\OneDrive\\Desktop\\parlay\\esports-fair-odds\\logs\\bo3_live_feed.json"}, "timestamp": 1771654566.1611552}
{"hypothesisId": "H1", "message": "bo3_feed_check", "data": {"auto_active": null, "feed_exists": true, "feed_age_sec": 308.7, "fresh": false, "feed_path": "C:\\Users\\court\\OneDrive\\Desktop\\parlay\\esports-fair-odds\\logs\\bo3_live_feed.json"}, "timestamp": 1771654566.7995594}
{"hypothesisId": "H1", "message": "bo3_feed_check", "data": {"auto_active": null, "feed_exists": true, "feed_age_sec": 311.5, "fresh": false, "feed_path": "C:\\Users\\court\\OneDrive\\Desktop\\parlay\\esports-fair-odds\\logs\\bo3_live_feed.json"}, "timestamp": 1771654569.6712782}
{"hypothesisId": "H1", "message": "bo3_feed_check", "data": {"auto_active": true, "feed_exists": true, "feed_age_sec": 0.1, "fresh": true, "feed_path": "C:\\Users\\court\\OneDrive\\Desktop\\parlay\\esports-fair-odds\\logs\\bo3_live_feed.json"}, "timestamp": 1771654569.8232694}
{"hypothesisId": "H2", "message": "bo3_feed_read", "data": {"payload_keys": ["team_a", "team_b", "rounds_a", "rounds_b", "maps_a_won", "maps_b_won", "map_name", "a_side", "series_fmt"], "payload_empty": false, "feed_error": null}, "timestamp": 1771654569.8375914}
{"hypothesisId": "H3", "message": "bo3_feed_overwrite", "data": {"team_a": "Sangal", "rounds_a": 0}, "timestamp": 1771654569.8386285}
{"hypothesisId": "H1", "message": "bo3_feed_check", "data": {"auto_active": true, "feed_exists": true, "feed_age_sec": 61.5, "fresh": false, "feed_path": "C:\\Users\\court\\OneDrive\\Desktop\\parlay\\esports-fair-odds\\logs\\bo3_live_feed.json"}, "timestamp": 1771654631.145361}
{"hypothesisId": "H1", "message": "bo3_feed_check", "data": {"auto_active": false, "feed_exists": true, "feed_age_sec": 61.6, "fresh": false, "feed_path": "C:\\Users\\court\\OneDrive\\Desktop\\parlay\\esports-fair-odds\\logs\\bo3_live_feed.json"}, "timestamp": 1771654631.2679923}
